-------------------------------------------------------------------------------
>Log Session: Wednesday, January 21, 2015 1:36:10 PM CET
>System Info: 
  Product Version         = Aquamarin 201408251540
  Operating System        = Windows 8.1 version 6.3 running on amd64
  Java; VM; Vendor        = 1.8.0_20; Java HotSpot(TM) 64-Bit Server VM 25.20-b23; Oracle Corporation
  Runtime                 = Java(TM) SE Runtime Environment 1.8.0_20-b26
  Java Home               = C:\Program Files\Java\jdk1.8.0_20\jre
  System Locale; Encoding = en_US (aquamarin); Cp1250
  Home Directory          = C:\Users\MagNet
  Current Directory       = E:\Dropbox\Projects\Aquamarin_Source\AquamarinSRC\Aquamarin\aquamarin\application\target\aquamarin
  User Directory          = E:\Dropbox\Projects\Aquamarin_Source\AquamarinSRC\Aquamarin\aquamarin\application\target\userdir
  Cache Directory         = E:\Dropbox\Projects\Aquamarin_Source\AquamarinSRC\Aquamarin\aquamarin\application\target\userdir\var\cache
  Installation            = E:\Dropbox\Projects\Aquamarin_Source\AquamarinSRC\Aquamarin\aquamarin\application\target\aquamarin\aquamarin
                            E:\Dropbox\Projects\Aquamarin_Source\AquamarinSRC\Aquamarin\aquamarin\application\target\aquamarin\bin
                            E:\Dropbox\Projects\Aquamarin_Source\AquamarinSRC\Aquamarin\aquamarin\application\target\aquamarin\etc
                            E:\Dropbox\Projects\Aquamarin_Source\AquamarinSRC\Aquamarin\aquamarin\application\target\aquamarin\extra
                            E:\Dropbox\Projects\Aquamarin_Source\AquamarinSRC\Aquamarin\aquamarin\application\target\aquamarin\libraries
                            E:\Dropbox\Projects\Aquamarin_Source\AquamarinSRC\Aquamarin\aquamarin\application\target\aquamarin\platform
                            E:\Dropbox\Projects\Aquamarin_Source\AquamarinSRC\Aquamarin\aquamarin\application\target\aquamarin\platform
  Boot & Ext. Classpath   = C:\Program Files\Java\jdk1.8.0_20\jre\lib\resources.jar;C:\Program Files\Java\jdk1.8.0_20\jre\lib\rt.jar;C:\Program Files\Java\jdk1.8.0_20\jre\lib\sunrsasign.jar;C:\Program Files\Java\jdk1.8.0_20\jre\lib\jsse.jar;C:\Program Files\Java\jdk1.8.0_20\jre\lib\jce.jar;C:\Program Files\Java\jdk1.8.0_20\jre\lib\charsets.jar;C:\Program Files\Java\jdk1.8.0_20\jre\lib\jfr.jar;C:\Program Files\Java\jdk1.8.0_20\jre\classes;C:\Program Files\Java\jdk1.8.0_20\jre\lib\ext\access-bridge-64.jar;C:\Program Files\Java\jdk1.8.0_20\jre\lib\ext\cldrdata.jar;C:\Program Files\Java\jdk1.8.0_20\jre\lib\ext\dnsns.jar;C:\Program Files\Java\jdk1.8.0_20\jre\lib\ext\jaccess.jar;C:\Program Files\Java\jdk1.8.0_20\jre\lib\ext\jfxrt.jar;C:\Program Files\Java\jdk1.8.0_20\jre\lib\ext\localedata.jar;C:\Program Files\Java\jdk1.8.0_20\jre\lib\ext\nashorn.jar;C:\Program Files\Java\jdk1.8.0_20\jre\lib\ext\sunec.jar;C:\Program Files\Java\jdk1.8.0_20\jre\lib\ext\sunjce_provider.jar;C:\Program Files\Java\jdk1.8.0_20\jre\lib\ext\sunmscapi.jar;C:\Program Files\Java\jdk1.8.0_20\jre\lib\ext\sunpkcs11.jar;C:\Program Files\Java\jdk1.8.0_20\jre\lib\ext\zipfs.jar
  Application Classpath   = E:\Dropbox\Projects\Aquamarin_Source\AquamarinSRC\Aquamarin\aquamarin\application\target\aquamarin\platform\lib\boot.jar;E:\Dropbox\Projects\Aquamarin_Source\AquamarinSRC\Aquamarin\aquamarin\application\target\aquamarin\platform\lib\org-openide-modules.jar;E:\Dropbox\Projects\Aquamarin_Source\AquamarinSRC\Aquamarin\aquamarin\application\target\aquamarin\platform\lib\org-openide-util-lookup.jar;E:\Dropbox\Projects\Aquamarin_Source\AquamarinSRC\Aquamarin\aquamarin\application\target\aquamarin\platform\lib\org-openide-util.jar;E:\Dropbox\Projects\Aquamarin_Source\AquamarinSRC\Aquamarin\aquamarin\application\target\aquamarin\platform\lib\locale\boot_ja.jar;E:\Dropbox\Projects\Aquamarin_Source\AquamarinSRC\Aquamarin\aquamarin\application\target\aquamarin\platform\lib\locale\boot_pt_BR.jar;E:\Dropbox\Projects\Aquamarin_Source\AquamarinSRC\Aquamarin\aquamarin\application\target\aquamarin\platform\lib\locale\boot_ru.jar;E:\Dropbox\Projects\Aquamarin_Source\AquamarinSRC\Aquamarin\aquamarin\application\target\aquamarin\platform\lib\locale\boot_zh_CN.jar;E:\Dropbox\Projects\Aquamarin_Source\AquamarinSRC\Aquamarin\aquamarin\application\target\aquamarin\platform\lib\locale\org-openide-modules_ja.jar;E:\Dropbox\Projects\Aquamarin_Source\AquamarinSRC\Aquamarin\aquamarin\application\target\aquamarin\platform\lib\locale\org-openide-modules_pt_BR.jar;E:\Dropbox\Projects\Aquamarin_Source\AquamarinSRC\Aquamarin\aquamarin\application\target\aquamarin\platform\lib\locale\org-openide-modules_ru.jar;E:\Dropbox\Projects\Aquamarin_Source\AquamarinSRC\Aquamarin\aquamarin\application\target\aquamarin\platform\lib\locale\org-openide-modules_zh_CN.jar;E:\Dropbox\Projects\Aquamarin_Source\AquamarinSRC\Aquamarin\aquamarin\application\target\aquamarin\platform\lib\locale\org-openide-util-lookup_ja.jar;E:\Dropbox\Projects\Aquamarin_Source\AquamarinSRC\Aquamarin\aquamarin\application\target\aquamarin\platform\lib\locale\org-openide-util-lookup_pt_BR.jar;E:\Dropbox\Projects\Aquamarin_Source\AquamarinSRC\Aquamarin\aquamarin\application\target\aquamarin\platform\lib\locale\org-openide-util-lookup_ru.jar;E:\Dropbox\Projects\Aquamarin_Source\AquamarinSRC\Aquamarin\aquamarin\application\target\aquamarin\platform\lib\locale\org-openide-util-lookup_zh_CN.jar;E:\Dropbox\Projects\Aquamarin_Source\AquamarinSRC\Aquamarin\aquamarin\application\target\aquamarin\platform\lib\locale\org-openide-util_ja.jar;E:\Dropbox\Projects\Aquamarin_Source\AquamarinSRC\Aquamarin\aquamarin\application\target\aquamarin\platform\lib\locale\org-openide-util_pt_BR.jar;E:\Dropbox\Projects\Aquamarin_Source\AquamarinSRC\Aquamarin\aquamarin\application\target\aquamarin\platform\lib\locale\org-openide-util_ru.jar;E:\Dropbox\Projects\Aquamarin_Source\AquamarinSRC\Aquamarin\aquamarin\application\target\aquamarin\platform\lib\locale\org-openide-util_zh_CN.jar;C:\Program Files\Java\jdk1.8.0_20\lib\dt.jar;C:\Program Files\Java\jdk1.8.0_20\lib\tools.jar
  Startup Classpath       = E:\Dropbox\Projects\Aquamarin_Source\AquamarinSRC\Aquamarin\aquamarin\application\target\aquamarin\platform\core\core.jar;E:\Dropbox\Projects\Aquamarin_Source\AquamarinSRC\Aquamarin\aquamarin\application\target\aquamarin\platform\core\org-openide-filesystems.jar;E:\Dropbox\Projects\Aquamarin_Source\AquamarinSRC\Aquamarin\aquamarin\application\target\aquamarin\platform\core\locale\core_ja.jar;E:\Dropbox\Projects\Aquamarin_Source\AquamarinSRC\Aquamarin\aquamarin\application\target\aquamarin\platform\core\locale\core_pt_BR.jar;E:\Dropbox\Projects\Aquamarin_Source\AquamarinSRC\Aquamarin\aquamarin\application\target\aquamarin\platform\core\locale\core_ru.jar;E:\Dropbox\Projects\Aquamarin_Source\AquamarinSRC\Aquamarin\aquamarin\application\target\aquamarin\platform\core\locale\core_zh_CN.jar;E:\Dropbox\Projects\Aquamarin_Source\AquamarinSRC\Aquamarin\aquamarin\application\target\aquamarin\platform\core\locale\org-openide-filesystems_ja.jar;E:\Dropbox\Projects\Aquamarin_Source\AquamarinSRC\Aquamarin\aquamarin\application\target\aquamarin\platform\core\locale\org-openide-filesystems_pt_BR.jar;E:\Dropbox\Projects\Aquamarin_Source\AquamarinSRC\Aquamarin\aquamarin\application\target\aquamarin\platform\core\locale\org-openide-filesystems_ru.jar;E:\Dropbox\Projects\Aquamarin_Source\AquamarinSRC\Aquamarin\aquamarin\application\target\aquamarin\platform\core\locale\org-openide-filesystems_zh_CN.jar;E:\Dropbox\Projects\Aquamarin_Source\AquamarinSRC\Aquamarin\aquamarin\application\target\aquamarin\aquamarin\core\locale\core_aquamarin.jar
-------------------------------------------------------------------------------
INFO [org.netbeans.core.startup.NbEvents]: Module patch or custom extension: E:\Dropbox\Projects\Aquamarin_Source\AquamarinSRC\Aquamarin\aquamarin\application\target\aquamarin\..\..\..\model\target\classes
INFO [org.netbeans.core.startup.NbEvents]: Module patch or custom extension: E:\Dropbox\Projects\Aquamarin_Source\AquamarinSRC\Aquamarin\aquamarin\application\target\aquamarin\..\..\..\integration\target\classes
INFO [org.netbeans.core.startup.NbEvents]: Module patch or custom extension: E:\Dropbox\Projects\Aquamarin_Source\AquamarinSRC\Aquamarin\aquamarin\application\target\aquamarin\..\..\..\business\target\classes
INFO [org.netbeans.core.startup.NbEvents]: Module patch or custom extension: E:\Dropbox\Projects\Aquamarin_Source\AquamarinSRC\Aquamarin\aquamarin\application\target\aquamarin\..\..\..\component\target\classes
INFO [org.netbeans.core.startup.NbEvents]: Module patch or custom extension: E:\Dropbox\Projects\Aquamarin_Source\AquamarinSRC\Aquamarin\aquamarin\application\target\aquamarin\..\..\..\printing\target\classes
INFO [org.netbeans.core.startup.NbEvents]: Module patch or custom extension: E:\Dropbox\Projects\Aquamarin_Source\AquamarinSRC\Aquamarin\aquamarin\application\target\aquamarin\..\..\..\format\target\classes
INFO [org.netbeans.core.startup.NbEvents]: Module patch or custom extension: E:\Dropbox\Projects\Aquamarin_Source\AquamarinSRC\Aquamarin\aquamarin\application\target\aquamarin\..\..\..\presentation\target\classes
INFO [org.netbeans.core.startup.NbEvents]: Module patch or custom extension: E:\Dropbox\Projects\Aquamarin_Source\AquamarinSRC\Aquamarin\aquamarin\application\target\aquamarin\..\..\..\derbydb\target\classes
INFO [org.netbeans.core.startup.NbEvents]: Module patch or custom extension: E:\Dropbox\Projects\Aquamarin_Source\AquamarinSRC\Aquamarin\aquamarin\application\target\aquamarin\..\..\..\branding\target\classes
INFO [org.netbeans.core.modules]: Using file:/E:/Dropbox/Projects/Aquamarin_Source/AquamarinSRC/Aquamarin/aquamarin/application/target/aquamarin/../../../derbydb/target/classes/com/magnetpwns/derbydb/layer.xml as layer for com.magnetpwns.derbydb not jar:file:/E:/Dropbox/Projects/Aquamarin_Source/AquamarinSRC/Aquamarin/aquamarin/application/target/aquamarin/aquamarin/modules/com-magnetpwns-derbydb.jar!/com/magnetpwns/derbydb/layer.xml
INFO [org.netbeans.core.modules]: Using file:/E:/Dropbox/Projects/Aquamarin_Source/AquamarinSRC/Aquamarin/aquamarin/application/target/aquamarin/../../../presentation/target/classes/com/magnetpwns/presentation/layer.xml as layer for com.magnetpwns.presentation not jar:file:/E:/Dropbox/Projects/Aquamarin_Source/AquamarinSRC/Aquamarin/aquamarin/application/target/aquamarin/aquamarin/modules/com-magnetpwns-presentation.jar!/com/magnetpwns/presentation/layer.xml
INFO [org.netbeans.core.modules]: Using file:/E:/Dropbox/Projects/Aquamarin_Source/AquamarinSRC/Aquamarin/aquamarin/application/target/aquamarin/../../../printing/target/classes/com/magnetpwns/printing/layer.xml as layer for com.magnetpwns.printing not jar:file:/E:/Dropbox/Projects/Aquamarin_Source/AquamarinSRC/Aquamarin/aquamarin/application/target/aquamarin/aquamarin/modules/com-magnetpwns-printing.jar!/com/magnetpwns/printing/layer.xml
INFO [org.netbeans.core.modules]: Using file:/E:/Dropbox/Projects/Aquamarin_Source/AquamarinSRC/Aquamarin/aquamarin/application/target/aquamarin/../../../component/target/classes/com/magnetpwns/component/layer.xml as layer for com.magnetpwns.component not jar:file:/E:/Dropbox/Projects/Aquamarin_Source/AquamarinSRC/Aquamarin/aquamarin/application/target/aquamarin/aquamarin/modules/com-magnetpwns-component.jar!/com/magnetpwns/component/layer.xml
INFO [org.netbeans.core.modules]: Using file:/E:/Dropbox/Projects/Aquamarin_Source/AquamarinSRC/Aquamarin/aquamarin/application/target/aquamarin/../../../business/target/classes/com/magnetpwns/bussiness/layer.xml as layer for com.magnetpwns.business not jar:file:/E:/Dropbox/Projects/Aquamarin_Source/AquamarinSRC/Aquamarin/aquamarin/application/target/aquamarin/aquamarin/modules/com-magnetpwns-business.jar!/com/magnetpwns/bussiness/layer.xml
INFO [org.netbeans.core.modules]: Using file:/E:/Dropbox/Projects/Aquamarin_Source/AquamarinSRC/Aquamarin/aquamarin/application/target/aquamarin/../../../integration/target/classes/com/magnetpwns/integration/layer.xml as layer for com.magnetpwns.integration not jar:file:/E:/Dropbox/Projects/Aquamarin_Source/AquamarinSRC/Aquamarin/aquamarin/application/target/aquamarin/aquamarin/modules/com-magnetpwns-integration.jar!/com/magnetpwns/integration/layer.xml
INFO [org.netbeans.core.modules]: Using file:/E:/Dropbox/Projects/Aquamarin_Source/AquamarinSRC/Aquamarin/aquamarin/application/target/aquamarin/../../../model/target/classes/com/magnetpwns/model/layer.xml as layer for com.magnetpwns.model not jar:file:/E:/Dropbox/Projects/Aquamarin_Source/AquamarinSRC/Aquamarin/aquamarin/application/target/aquamarin/aquamarin/modules/com-magnetpwns-model.jar!/com/magnetpwns/model/layer.xml
WARNING [org.netbeans.core.projects.cache]: Inefficient to include an empty layer in a module: file:/E:/Dropbox/Projects/Aquamarin_Source/AquamarinSRC/Aquamarin/aquamarin/application/target/aquamarin/../../../model/target/classes/com/magnetpwns/model/layer.xml
WARNING [org.netbeans.core.projects.cache]: Inefficient to include an empty layer in a module: file:/E:/Dropbox/Projects/Aquamarin_Source/AquamarinSRC/Aquamarin/aquamarin/application/target/aquamarin/../../../integration/target/classes/com/magnetpwns/integration/layer.xml
WARNING [org.netbeans.core.projects.cache]: Inefficient to include an empty layer in a module: file:/E:/Dropbox/Projects/Aquamarin_Source/AquamarinSRC/Aquamarin/aquamarin/application/target/aquamarin/../../../business/target/classes/com/magnetpwns/bussiness/layer.xml
WARNING [org.netbeans.core.projects.cache]: Inefficient to include an empty layer in a module: file:/E:/Dropbox/Projects/Aquamarin_Source/AquamarinSRC/Aquamarin/aquamarin/application/target/aquamarin/../../../component/target/classes/com/magnetpwns/component/layer.xml
WARNING [org.netbeans.core.projects.cache]: Inefficient to include an empty layer in a module: file:/E:/Dropbox/Projects/Aquamarin_Source/AquamarinSRC/Aquamarin/aquamarin/application/target/aquamarin/../../../printing/target/classes/com/magnetpwns/printing/layer.xml
WARNING [org.netbeans.core.projects.cache]: Inefficient to include an empty layer in a module: file:/E:/Dropbox/Projects/Aquamarin_Source/AquamarinSRC/Aquamarin/aquamarin/application/target/aquamarin/../../../derbydb/target/classes/com/magnetpwns/derbydb/layer.xml
INFO [org.netbeans.core.startup.NbEvents]: Turning on modules:
	org.openide.util.lookup [8.25.1 201408251540]
	org.openide.util [8.39.1 201408251540]
	org.openide.modules [7.43.1 201408251540]
	org.netbeans.api.annotations.common/1 [1.24.1 201408251540]
	org.openide.filesystems [8.12.1 201408251540]
	org.openide.awt [7.62.1 201408251540]
	org.netbeans.api.progress/1 [1.38.1 201408251540]
	org.openide.dialogs [7.38.1 201408251540]
	org.openide.nodes [7.39.1 201408251540]
	org.openide.windows [6.71.1 201408251540]
	org.netbeans.modules.editor.mimelookup/1 [1.36.1 201408251540]
	org.openide.text [6.62.1 201408251540]
	org.netbeans.swing.tabcontrol [1.51.1 201408251540]
	org.netbeans.swing.outline [1.30.1 201408251540]
	org.openide.explorer [6.57.1 201408251540]
	org.openide.actions [6.35.1 201408251540]
	org.netbeans.modules.queries/1 [1.39.1 201408251540]
	org.openide.loaders [7.57.1 201408251540]
	org.openide.io [1.45.1 201408251540]
	org.netbeans.swing.plaf [1.37.1 201408251540]
	org.netbeans.spi.quicksearch [1.23.1 201408251540]
	org.netbeans.modules.templates/1 [1.3.1 201408251540]
	org.netbeans.bootstrap/1 [2.69.1 201408251540]
	org.netbeans.core.startup/1 [1.55.1 201408251540]
	org.netbeans.modules.settings/1 [1.45.1 201408251540]
	org.netbeans.modules.sendopts/2 [2.31.1 201408251540]
	org.netbeans.modules.sampler [1.10.1 201408251540]
	org.netbeans.modules.progress.ui [1.29.1 201408251540]
	org.netbeans.modules.print [7.22.1 201408251540]
	org.netbeans.modules.keyring [1.20.1 201408251540]
	org.netbeans.core/2 [3.46.1 201408251540]
	org.netbeans.modules.options.api/1 [1.41.1 201408251540]
	org.netbeans.modules.options.keymap [1.31.1 201408251540]
	org.netbeans.libs.jna/1 [1.38.1 201408251540]
	org.netbeans.modules.masterfs/2 [2.48.1 201408251540]
	org.netbeans.modules.masterfs.windows [1.13.1 201408251540]
	org.netbeans.modules.masterfs.nio2 [1.12.1 201408251540]
	org.netbeans.modules.keyring.fallback [1.4.1 201408251540]
	org.netbeans.modules.keyring.impl [1.20.1 201408251540]
	org.netbeans.modules.favorites/1 [1.40.1 201408251540]
	org.netbeans.modules.editor.mimelookup.impl/1 [1.27.1 201408251540]
	org.netbeans.modules.autoupdate.services [1.47.1 201408251540]
	org.netbeans.modules.autoupdate.cli [1.9.1 201408251540]
	org.netbeans.core.windows/2 [2.77.1 201408251540]
	org.netbeans.core.ui/1 [1.41.1 201408251540]
	org.netbeans.libs.osgi [1.18.1 201408251540]
	org.netbeans.libs.felix [2.12.1 201408251540]
	org.netbeans.modules.autoupdate.ui [1.41.1 201408251540]
	org.netbeans.modules.core.kit [1.26.1 201408251540]
	org.netbeans.libs.jna.platform/1 [1.8.1 201408251540]
	org.netbeans.core.output2/1 [1.37.1 201408251540]
	org.netbeans.core.network [1.6.1 201408251540]
	org.netbeans.core.netigso [1.27.1 201408251540]
	org.netbeans.core.nativeaccess/1 [1.27.1 201408251540]
	org.netbeans.core.multitabs/1 [1.8.1.1 1 201408251540]
	org.netbeans.core.io.ui/1 [1.26.1 201408251540]
	org.apache.derby/10 [10.4.1.3 10.4.1.3-201002241055 201002240618]
	com.magnetpwns.model [1.0 1.0-20150121 201501211233]
	com.magnetpwns.integration [1.0 1.0-20150121 201501211233]
	com.magnetpwns.business [1.0 1.0-20150121 201501211233]
	com.magnetpwns.component [1.0 1.0-20150121 201501211233]
	com.magnetpwns.printing [1.0 1.0-20150121 201501211233]
	com.magnetpwns.format [1.0 1.0-20150121 201501211233]
	com.magnetpwns.presentation [1.0 1.0-20150121 201501211233]
	com.magnetpwns.derbydb [1.0 1.0-20150121 201501211233]
	com.magnetpwns.branding [1.0 1.0-20150121 201501211232]
INFO [org.netbeans.core.network.proxy.NetworkProxyReloader]: System network proxy resolver: Windows
INFO [org.netbeans.core.network.proxy.windows.WindowsNetworkProxy]: Windows system proxy resolver: auto detect
INFO [org.netbeans.core.network.proxy.NetworkProxyReloader]: System network proxy reloading succeeded.
INFO [org.netbeans.core.network.proxy.NetworkProxyReloader]: System network proxy - mode: direct
INFO [org.netbeans.core.network.proxy.NetworkProxyReloader]: System network proxy: fell to default (correct if direct mode went before)
WARNING [org.openide.filesystems.Ordering]: Not all children in Toolbars/ marked with the position attribute: [Views], but some are: [Memory, Standard.xml]
INFO [org.netbeans.ui.metrics.laf]: USG_LOOK_AND_FEEL
Diagnostic information
Input arguments:
	-Xms24m
	-Xmx64m
	-Dnetbeans.logger.console=true
	-ea
	-Dnetbeans.patches.com.magnetpwns.model=../../../model/target/classes
	-Dnetbeans.patches.com.magnetpwns.presentation=../../../presentation/target/classes
	-Dnetbeans.patches.com.magnetpwns.format=../../../format/target/classes
	-Dnetbeans.patches.com.magnetpwns.integration=../../../integration/target/classes
	-Dnetbeans.patches.com.magnetpwns.printing=../../../printing/target/classes
	-Dnetbeans.patches.com.magnetpwns.component=../../../component/target/classes
	-Dnetbeans.patches.com.magnetpwns.branding=../../../branding/target/classes
	-Dnetbeans.patches.com.magnetpwns.derbydb=../../../derbydb/target/classes
	-Dnetbeans.patches.com.magnetpwns.business=../../../business/target/classes
	-Dnetbeans.user.dir=E:\Dropbox\Projects\Aquamarin_Source\AquamarinSRC\Aquamarin\aquamarin\application
	-Djdk.home=C:\Program Files\Java\jdk1.8.0_20
	-Dnetbeans.home=E:\Dropbox\Projects\Aquamarin_Source\AquamarinSRC\Aquamarin\aquamarin\application\target\aquamarin\platform
	-Dnetbeans.user=E:\Dropbox\Projects\Aquamarin_Source\AquamarinSRC\Aquamarin\aquamarin\application\target\userdir
	-Dnetbeans.default_userdir_root=
	-XX:+HeapDumpOnOutOfMemoryError
	-XX:HeapDumpPath=E:\Dropbox\Projects\Aquamarin_Source\AquamarinSRC\Aquamarin\aquamarin\application\target\userdir\var\log\heapdump.hprof
	-Dsun.awt.keepWorkingSetOnMinimize=true
	-Dnetbeans.dirs=E:\Dropbox\Projects\Aquamarin_Source\AquamarinSRC\Aquamarin\aquamarin\application\target\aquamarin\aquamarin;E:\Dropbox\Projects\Aquamarin_Source\AquamarinSRC\Aquamarin\aquamarin\application\target\aquamarin\bin;E:\Dropbox\Projects\Aquamarin_Source\AquamarinSRC\Aquamarin\aquamarin\application\target\aquamarin\etc;E:\Dropbox\Projects\Aquamarin_Source\AquamarinSRC\Aquamarin\aquamarin\application\target\aquamarin\extra;E:\Dropbox\Projects\Aquamarin_Source\AquamarinSRC\Aquamarin\aquamarin\application\target\aquamarin\libraries;E:\Dropbox\Projects\Aquamarin_Source\AquamarinSRC\Aquamarin\aquamarin\application\target\aquamarin\platform
Compiler: HotSpot 64-Bit Tiered Compilers
Heap memory usage: initial 24,0MB maximum 57,0MB
Non heap memory usage: initial 2,4MB maximum -1b
Garbage collector: PS Scavenge (Collections=21 Total time spent=0s)
Garbage collector: PS MarkSweep (Collections=2 Total time spent=0s)
Classes: loaded=5786 total loaded=5787 unloaded 1
INFO [org.netbeans.core.ui.warmup.DiagnosticTask]: Total memory 34 256 748 544
INFO [null]: Total physical memory 34 256 748 544
SEVERE [global]
java.lang.IndexOutOfBoundsException: Invalid index
	at javax.swing.DefaultRowSorter.convertRowIndexToModel(DefaultRowSorter.java:514)
	at javax.swing.JTable.convertRowIndexToModel(JTable.java:2642)
	at com.magnetpwns.presentation.DocumentTopComponent.getSelectedItem(DocumentTopComponent.java:162)
	at com.magnetpwns.presentation.DocumentTopComponent.openButtonActionPerformed(DocumentTopComponent.java:142)
	at com.magnetpwns.presentation.DocumentTopComponent.access$000(DocumentTopComponent.java:43)
	at com.magnetpwns.presentation.DocumentTopComponent$1.actionPerformed(DocumentTopComponent.java:79)
	at javax.swing.AbstractButton.fireActionPerformed(AbstractButton.java:2022)
	at javax.swing.AbstractButton$Handler.actionPerformed(AbstractButton.java:2346)
	at javax.swing.DefaultButtonModel.fireActionPerformed(DefaultButtonModel.java:402)
	at javax.swing.DefaultButtonModel.setPressed(DefaultButtonModel.java:259)
	at javax.swing.plaf.basic.BasicButtonListener.mouseReleased(BasicButtonListener.java:252)
	at java.awt.Component.processMouseEvent(Component.java:6525)
	at javax.swing.JComponent.processMouseEvent(JComponent.java:3321)
	at java.awt.Component.processEvent(Component.java:6290)
	at java.awt.Container.processEvent(Container.java:2234)
	at java.awt.Component.dispatchEventImpl(Component.java:4881)
	at java.awt.Container.dispatchEventImpl(Container.java:2292)
	at java.awt.Component.dispatchEvent(Component.java:4703)
	at java.awt.LightweightDispatcher.retargetMouseEvent(Container.java:4898)
	at java.awt.LightweightDispatcher.processMouseEvent(Container.java:4533)
	at java.awt.LightweightDispatcher.dispatchEvent(Container.java:4462)
	at java.awt.Container.dispatchEventImpl(Container.java:2278)
	at java.awt.Window.dispatchEventImpl(Window.java:2739)
	at java.awt.Component.dispatchEvent(Component.java:4703)
	at java.awt.EventQueue.dispatchEventImpl(EventQueue.java:746)
	at java.awt.EventQueue.access$400(EventQueue.java:97)
	at java.awt.EventQueue$3.run(EventQueue.java:697)
	at java.awt.EventQueue$3.run(EventQueue.java:691)
	at java.security.AccessController.doPrivileged(Native Method)
	at java.security.ProtectionDomain$1.doIntersectionPrivilege(ProtectionDomain.java:75)
	at java.security.ProtectionDomain$1.doIntersectionPrivilege(ProtectionDomain.java:86)
	at java.awt.EventQueue$4.run(EventQueue.java:719)
	at java.awt.EventQueue$4.run(EventQueue.java:717)
	at java.security.AccessController.doPrivileged(Native Method)
	at java.security.ProtectionDomain$1.doIntersectionPrivilege(ProtectionDomain.java:75)
	at java.awt.EventQueue.dispatchEvent(EventQueue.java:716)
	at org.netbeans.core.TimableEventQueue.dispatchEvent(TimableEventQueue.java:159)
[catch] at java.awt.EventDispatchThread.pumpOneEventForFilters(EventDispatchThread.java:201)
	at java.awt.EventDispatchThread.pumpEventsForFilter(EventDispatchThread.java:116)
	at java.awt.EventDispatchThread.pumpEventsForHierarchy(EventDispatchThread.java:105)
	at java.awt.EventDispatchThread.pumpEvents(EventDispatchThread.java:101)
	at java.awt.EventDispatchThread.pumpEvents(EventDispatchThread.java:93)
	at java.awt.EventDispatchThread.run(EventDispatchThread.java:82)
